<?xml version="1.0" encoding="UTF-8"?>
<testsuite name="com.example.gongjibatni.service.AcademicNoticeCrawlingServiceTest" tests="1" skipped="0" failures="1" errors="0" timestamp="2025-11-13T06:45:43.265Z" hostname="DESKTOP-B1FNK4S" time="2.299">
  <properties/>
  <testcase name="크롤러 Service의 크롤링결과 저장기능 확인" classname="com.example.gongjibatni.service.AcademicNoticeCrawlingServiceTest" time="2.299">
    <failure message="org.springframework.dao.DataIntegrityViolationException: could not execute statement [Unique index or primary key violation: &quot;PUBLIC.UK7SSUKF2HGRUWIPHAAP6BFON83_INDEX_6 ON PUBLIC.NOTICE(NOTICE_NO NULLS FIRST) VALUES ( /* 11 */ 13858 )&quot;; SQL statement:&#10;insert into notice (category_keyword,created_at,notice_no,nttid,title,writer,notice_id) values (?,?,?,?,?,?,default) [23505-232]] [insert into notice (category_keyword,created_at,notice_no,nttid,title,writer,notice_id) values (?,?,?,?,?,?,default)]; SQL [insert into notice (category_keyword,created_at,notice_no,nttid,title,writer,notice_id) values (?,?,?,?,?,?,default)]; constraint [PUBLIC.UK7SSUKF2HGRUWIPHAAP6BFON83_INDEX_6]" type="org.springframework.dao.DataIntegrityViolationException">org.springframework.dao.DataIntegrityViolationException: could not execute statement [Unique index or primary key violation: &quot;PUBLIC.UK7SSUKF2HGRUWIPHAAP6BFON83_INDEX_6 ON PUBLIC.NOTICE(NOTICE_NO NULLS FIRST) VALUES ( /* 11 */ 13858 )&quot;; SQL statement:
insert into notice (category_keyword,created_at,notice_no,nttid,title,writer,notice_id) values (?,?,?,?,?,?,default) [23505-232]] [insert into notice (category_keyword,created_at,notice_no,nttid,title,writer,notice_id) values (?,?,?,?,?,?,default)]; SQL [insert into notice (category_keyword,created_at,notice_no,nttid,title,writer,notice_id) values (?,?,?,?,?,?,default)]; constraint [PUBLIC.UK7SSUKF2HGRUWIPHAAP6BFON83_INDEX_6]
	at app//org.springframework.orm.jpa.vendor.HibernateJpaDialect.convertHibernateAccessException(HibernateJpaDialect.java:294)
	at app//org.springframework.orm.jpa.vendor.HibernateJpaDialect.convertHibernateAccessException(HibernateJpaDialect.java:256)
	at app//org.springframework.orm.jpa.vendor.HibernateJpaDialect.translateExceptionIfPossible(HibernateJpaDialect.java:241)
	at app//org.springframework.orm.jpa.AbstractEntityManagerFactoryBean.translateExceptionIfPossible(AbstractEntityManagerFactoryBean.java:560)
	at app//org.springframework.dao.support.ChainedPersistenceExceptionTranslator.translateExceptionIfPossible(ChainedPersistenceExceptionTranslator.java:61)
	at app//org.springframework.dao.support.DataAccessUtils.translateIfNecessary(DataAccessUtils.java:343)
	at app//org.springframework.dao.support.PersistenceExceptionTranslationInterceptor.invoke(PersistenceExceptionTranslationInterceptor.java:160)
	at app//org.springframework.aop.framework.ReflectiveMethodInvocation.proceed(ReflectiveMethodInvocation.java:184)
	at app//org.springframework.data.jpa.repository.support.CrudMethodMetadataPostProcessor$CrudMethodMetadataPopulatingMethodInterceptor.invoke(CrudMethodMetadataPostProcessor.java:165)
	at app//org.springframework.aop.framework.ReflectiveMethodInvocation.proceed(ReflectiveMethodInvocation.java:184)
	at app//org.springframework.aop.framework.JdkDynamicAopProxy.invoke(JdkDynamicAopProxy.java:223)
	at app/jdk.proxy3/jdk.proxy3.$Proxy122.saveAll(Unknown Source)
	at app//com.example.gongjibatni.crawling.service.AcademicNoticeCrawlingService.crawlAndSave(AcademicNoticeCrawlingService.java:35)
	at app//com.example.gongjibatni.service.AcademicNoticeCrawlingServiceTest.crawlAndSaveTest(AcademicNoticeCrawlingServiceTest.java:32)
	at java.base@21.0.4/java.lang.reflect.Method.invoke(Method.java:580)
	at java.base@21.0.4/java.util.ArrayList.forEach(ArrayList.java:1596)
	at java.base@21.0.4/java.util.ArrayList.forEach(ArrayList.java:1596)
Caused by: org.hibernate.exception.ConstraintViolationException: could not execute statement [Unique index or primary key violation: &quot;PUBLIC.UK7SSUKF2HGRUWIPHAAP6BFON83_INDEX_6 ON PUBLIC.NOTICE(NOTICE_NO NULLS FIRST) VALUES ( /* 11 */ 13858 )&quot;; SQL statement:
insert into notice (category_keyword,created_at,notice_no,nttid,title,writer,notice_id) values (?,?,?,?,?,?,default) [23505-232]] [insert into notice (category_keyword,created_at,notice_no,nttid,title,writer,notice_id) values (?,?,?,?,?,?,default)]
	at app//org.hibernate.dialect.H2Dialect.lambda$buildSQLExceptionConversionDelegate$3(H2Dialect.java:759)
	at app//org.hibernate.exception.internal.StandardSQLExceptionConverter.convert(StandardSQLExceptionConverter.java:58)
	at app//org.hibernate.engine.jdbc.spi.SqlExceptionHelper.convert(SqlExceptionHelper.java:108)
	at app//org.hibernate.engine.jdbc.internal.ResultSetReturnImpl.executeUpdate(ResultSetReturnImpl.java:197)
	at app//org.hibernate.id.insert.GetGeneratedKeysDelegate.performMutation(GetGeneratedKeysDelegate.java:116)
	at app//org.hibernate.engine.jdbc.mutation.internal.MutationExecutorSingleNonBatched.performNonBatchedOperations(MutationExecutorSingleNonBatched.java:47)
	at app//org.hibernate.engine.jdbc.mutation.internal.AbstractMutationExecutor.execute(AbstractMutationExecutor.java:55)
	at app//org.hibernate.persister.entity.mutation.InsertCoordinatorStandard.doStaticInserts(InsertCoordinatorStandard.java:194)
	at app//org.hibernate.persister.entity.mutation.InsertCoordinatorStandard.coordinateInsert(InsertCoordinatorStandard.java:132)
	at app//org.hibernate.persister.entity.mutation.InsertCoordinatorStandard.insert(InsertCoordinatorStandard.java:95)
	at app//org.hibernate.action.internal.EntityIdentityInsertAction.execute(EntityIdentityInsertAction.java:85)
	at app//org.hibernate.engine.spi.ActionQueue.execute(ActionQueue.java:682)
	at app//org.hibernate.engine.spi.ActionQueue.addResolvedEntityInsertAction(ActionQueue.java:293)
	at app//org.hibernate.engine.spi.ActionQueue.addInsertAction(ActionQueue.java:274)
	at app//org.hibernate.engine.spi.ActionQueue.addAction(ActionQueue.java:324)
	at app//org.hibernate.event.internal.AbstractSaveEventListener.addInsertAction(AbstractSaveEventListener.java:394)
	at app//org.hibernate.event.internal.AbstractSaveEventListener.performSaveOrReplicate(AbstractSaveEventListener.java:308)
	at app//org.hibernate.event.internal.AbstractSaveEventListener.performSave(AbstractSaveEventListener.java:224)
	at app//org.hibernate.event.internal.AbstractSaveEventListener.saveWithGeneratedId(AbstractSaveEventListener.java:136)
	at app//org.hibernate.event.internal.DefaultPersistEventListener.entityIsTransient(DefaultPersistEventListener.java:177)
	at app//org.hibernate.event.internal.DefaultPersistEventListener.persist(DefaultPersistEventListener.java:95)
	at app//org.hibernate.event.internal.DefaultPersistEventListener.onPersist(DefaultPersistEventListener.java:79)
	at app//org.hibernate.event.internal.DefaultPersistEventListener.onPersist(DefaultPersistEventListener.java:55)
	at app//org.hibernate.event.service.internal.EventListenerGroupImpl.fireEventOnEachListener(EventListenerGroupImpl.java:127)
	at app//org.hibernate.internal.SessionImpl.firePersist(SessionImpl.java:761)
	at app//org.hibernate.internal.SessionImpl.persist(SessionImpl.java:745)
	at java.base@21.0.4/jdk.internal.reflect.DirectMethodHandleAccessor.invoke(DirectMethodHandleAccessor.java:103)
	at java.base@21.0.4/java.lang.reflect.Method.invoke(Method.java:580)
	at app//org.springframework.orm.jpa.SharedEntityManagerCreator$SharedEntityManagerInvocationHandler.invoke(SharedEntityManagerCreator.java:320)
	at app/jdk.proxy3/jdk.proxy3.$Proxy118.persist(Unknown Source)
	at app//org.springframework.data.jpa.repository.support.SimpleJpaRepository.save(SimpleJpaRepository.java:654)
	at app//org.springframework.data.jpa.repository.support.SimpleJpaRepository.saveAll(SimpleJpaRepository.java:680)
	at java.base@21.0.4/jdk.internal.reflect.DirectMethodHandleAccessor.invoke(DirectMethodHandleAccessor.java:103)
	at java.base@21.0.4/java.lang.reflect.Method.invoke(Method.java:580)
	at app//org.springframework.aop.support.AopUtils.invokeJoinpointUsingReflection(AopUtils.java:360)
	at app//org.springframework.data.repository.core.support.RepositoryMethodInvoker$RepositoryFragmentMethodInvoker.lambda$new$0(RepositoryMethodInvoker.java:277)
	at app//org.springframework.data.repository.core.support.RepositoryMethodInvoker.doInvoke(RepositoryMethodInvoker.java:170)
	at app//org.springframework.data.repository.core.support.RepositoryMethodInvoker.invoke(RepositoryMethodInvoker.java:158)
	at app//org.springframework.data.repository.core.support.RepositoryComposition$RepositoryFragments.invoke(RepositoryComposition.java:515)
	at app//org.springframework.data.repository.core.support.RepositoryComposition.invoke(RepositoryComposition.java:284)
	at app//org.springframework.data.repository.core.support.RepositoryFactorySupport$ImplementationMethodExecutionInterceptor.invoke(RepositoryFactorySupport.java:734)
	at app//org.springframework.aop.framework.ReflectiveMethodInvocation.proceed(ReflectiveMethodInvocation.java:184)
	at app//org.springframework.data.repository.core.support.QueryExecutorMethodInterceptor.doInvoke(QueryExecutorMethodInterceptor.java:174)
	at app//org.springframework.data.repository.core.support.QueryExecutorMethodInterceptor.invoke(QueryExecutorMethodInterceptor.java:149)
	at app//org.springframework.aop.framework.ReflectiveMethodInvocation.proceed(ReflectiveMethodInvocation.java:184)
	at app//org.springframework.data.projection.DefaultMethodInvokingMethodInterceptor.invoke(DefaultMethodInvokingMethodInterceptor.java:69)
	at app//org.springframework.aop.framework.ReflectiveMethodInvocation.proceed(ReflectiveMethodInvocation.java:184)
	at app//org.springframework.transaction.interceptor.TransactionAspectSupport.invokeWithinTransaction(TransactionAspectSupport.java:380)
	at app//org.springframework.transaction.interceptor.TransactionInterceptor.invoke(TransactionInterceptor.java:119)
	at app//org.springframework.aop.framework.ReflectiveMethodInvocation.proceed(ReflectiveMethodInvocation.java:184)
	at app//org.springframework.dao.support.PersistenceExceptionTranslationInterceptor.invoke(PersistenceExceptionTranslationInterceptor.java:138)
	... 10 more
Caused by: org.h2.jdbc.JdbcSQLIntegrityConstraintViolationException: Unique index or primary key violation: &quot;PUBLIC.UK7SSUKF2HGRUWIPHAAP6BFON83_INDEX_6 ON PUBLIC.NOTICE(NOTICE_NO NULLS FIRST) VALUES ( /* 11 */ 13858 )&quot;; SQL statement:
insert into notice (category_keyword,created_at,notice_no,nttid,title,writer,notice_id) values (?,?,?,?,?,?,default) [23505-224]
	at org.h2.message.DbException.getJdbcSQLException(DbException.java:520)
	at org.h2.message.DbException.getJdbcSQLException(DbException.java:489)
	at org.h2.message.DbException.get(DbException.java:223)
	at org.h2.message.DbException.get(DbException.java:199)
	at org.h2.index.Index.getDuplicateKeyException(Index.java:527)
	at org.h2.mvstore.db.MVSecondaryIndex.checkUnique(MVSecondaryIndex.java:223)
	at org.h2.mvstore.db.MVSecondaryIndex.add(MVSecondaryIndex.java:184)
	at org.h2.mvstore.db.MVTable.addRow(MVTable.java:519)
	at org.h2.command.dml.Insert.insertRows(Insert.java:174)
	at org.h2.command.dml.Insert.update(Insert.java:135)
	at org.h2.command.CommandContainer.executeUpdateWithGeneratedKeys(CommandContainer.java:242)
	at org.h2.command.CommandContainer.update(CommandContainer.java:163)
	at org.h2.command.Command.executeUpdate(Command.java:256)
	at org.h2.server.TcpServerThread.process(TcpServerThread.java:413)
	at org.h2.server.TcpServerThread.run(TcpServerThread.java:191)
	at java.base/java.lang.Thread.run(Thread.java:1570)

	at app//org.h2.message.DbException.getJdbcSQLException(DbException.java:520)
	at app//org.h2.engine.SessionRemote.readSQLException(SessionRemote.java:663)
	at app//org.h2.engine.SessionRemote.readException(SessionRemote.java:646)
	at app//org.h2.engine.SessionRemote.done(SessionRemote.java:620)
	at app//org.h2.command.CommandRemote.executeUpdate(CommandRemote.java:225)
	at app//org.h2.jdbc.JdbcPreparedStatement.executeUpdateInternal(JdbcPreparedStatement.java:213)
	at app//org.h2.jdbc.JdbcPreparedStatement.executeUpdate(JdbcPreparedStatement.java:172)
	at app//com.zaxxer.hikari.pool.ProxyPreparedStatement.executeUpdate(ProxyPreparedStatement.java:61)
	at app//com.zaxxer.hikari.pool.HikariProxyPreparedStatement.executeUpdate(HikariProxyPreparedStatement.java)
	at app//org.hibernate.engine.jdbc.internal.ResultSetReturnImpl.executeUpdate(ResultSetReturnImpl.java:194)
	... 57 more
</failure>
  </testcase>
  <system-out><![CDATA[15:45:35.580 [Test worker] INFO org.springframework.test.context.support.AnnotationConfigContextLoaderUtils -- Could not detect default configuration classes for test class [com.example.gongjibatni.service.AcademicNoticeCrawlingServiceTest]: AcademicNoticeCrawlingServiceTest does not declare any static, non-private, non-final, nested classes annotated with @Configuration.
15:45:35.827 [Test worker] INFO org.springframework.boot.test.context.SpringBootTestContextBootstrapper -- Found @SpringBootConfiguration com.example.gongjibatni.GongjibatniApplication for test class com.example.gongjibatni.service.AcademicNoticeCrawlingServiceTest

  .   ____          _            __ _ _
 /\\ / ___'_ __ _ _(_)_ __  __ _ \ \ \ \
( ( )\___ | '_ | '_| | '_ \/ _` | \ \ \ \
 \\/  ___)| |_)| | | | | || (_| |  ) ) ) )
  '  |____| .__|_| |_|_| |_\__, | / / / /
 =========|_|==============|___/=/_/_/_/

 :: Spring Boot ::                (v3.5.6)

2025-11-13T15:45:36.602+09:00  INFO 6652 --- [gongjibatni] [    Test worker] .e.g.s.AcademicNoticeCrawlingServiceTest : Starting AcademicNoticeCrawlingServiceTest using Java 21.0.4 with PID 6652 (started by SAMSUNG in C:\dev\gongjibatni)
2025-11-13T15:45:36.605+09:00  INFO 6652 --- [gongjibatni] [    Test worker] .e.g.s.AcademicNoticeCrawlingServiceTest : No active profile set, falling back to 1 default profile: "default"
2025-11-13T15:45:37.849+09:00  INFO 6652 --- [gongjibatni] [    Test worker] .s.d.r.c.RepositoryConfigurationDelegate : Bootstrapping Spring Data JPA repositories in DEFAULT mode.
2025-11-13T15:45:37.978+09:00  INFO 6652 --- [gongjibatni] [    Test worker] .s.d.r.c.RepositoryConfigurationDelegate : Finished Spring Data repository scanning in 113 ms. Found 1 JPA repository interface.
2025-11-13T15:45:38.742+09:00  INFO 6652 --- [gongjibatni] [    Test worker] o.hibernate.jpa.internal.util.LogHelper  : HHH000204: Processing PersistenceUnitInfo [name: default]
2025-11-13T15:45:38.916+09:00  INFO 6652 --- [gongjibatni] [    Test worker] org.hibernate.Version                    : HHH000412: Hibernate ORM core version 6.6.29.Final
2025-11-13T15:45:39.047+09:00  INFO 6652 --- [gongjibatni] [    Test worker] o.h.c.internal.RegionFactoryInitiator    : HHH000026: Second-level cache disabled
2025-11-13T15:45:39.764+09:00  INFO 6652 --- [gongjibatni] [    Test worker] o.s.o.j.p.SpringPersistenceUnitInfo      : No LoadTimeWeaver setup: ignoring JPA class transformer
2025-11-13T15:45:39.847+09:00  INFO 6652 --- [gongjibatni] [    Test worker] com.zaxxer.hikari.HikariDataSource       : HikariPool-1 - Starting...
2025-11-13T15:45:40.025+09:00  INFO 6652 --- [gongjibatni] [    Test worker] com.zaxxer.hikari.pool.HikariPool        : HikariPool-1 - Added connection conn0: url=jdbc:h2:tcp://localhost/~/test user=SA
2025-11-13T15:45:40.029+09:00  INFO 6652 --- [gongjibatni] [    Test worker] com.zaxxer.hikari.HikariDataSource       : HikariPool-1 - Start completed.
2025-11-13T15:45:40.137+09:00  INFO 6652 --- [gongjibatni] [    Test worker] org.hibernate.orm.connections.pooling    : HHH10001005: Database info:
	Database JDBC URL [Connecting through datasource 'HikariDataSource (HikariPool-1)']
	Database driver: undefined/unknown
	Database version: 2.2.224
	Autocommit mode: undefined/unknown
	Isolation level: undefined/unknown
	Minimum pool size: undefined/unknown
	Maximum pool size: undefined/unknown
2025-11-13T15:45:41.594+09:00  INFO 6652 --- [gongjibatni] [    Test worker] o.h.e.t.j.p.i.JtaPlatformInitiator       : HHH000489: No JTA platform available (set 'hibernate.transaction.jta.platform' to enable JTA platform integration)
Hibernate: 
    alter table if exists notice 
       add column nttid varchar(255)
Hibernate: 
    alter table if exists notice 
       add column writer varchar(255)
2025-11-13T15:45:41.707+09:00  INFO 6652 --- [gongjibatni] [    Test worker] j.LocalContainerEntityManagerFactoryBean : Initialized JPA EntityManagerFactory for persistence unit 'default'
2025-11-13T15:45:42.466+09:00  WARN 6652 --- [gongjibatni] [    Test worker] JpaBaseConfiguration$JpaWebConfiguration : spring.jpa.open-in-view is enabled by default. Therefore, database queries may be performed during view rendering. Explicitly configure spring.jpa.open-in-view to disable this warning
2025-11-13T15:45:43.233+09:00  INFO 6652 --- [gongjibatni] [    Test worker] .e.g.s.AcademicNoticeCrawlingServiceTest : Started AcademicNoticeCrawlingServiceTest in 7.126 seconds (process running for 9.261)
번호 없는 게시글 스킵: 복지시설(식당, 커피숍 등) 임대업체 운영기간 종료 안내
번호 없는 게시글 스킵: 학사포탈시스템 2차인증 적용 안내
번호 없는 게시글 스킵: 학생메일 생성 안내(구글 및 MS계정)
Hibernate: 
    insert 
    into
        notice
        (category_keyword, created_at, notice_no, nttid, title, writer, notice_id) 
    values
        (?, ?, ?, ?, ?, ?, default)
2025-11-13T15:45:45.493+09:00  WARN 6652 --- [gongjibatni] [    Test worker] o.h.engine.jdbc.spi.SqlExceptionHelper   : SQL Error: 23505, SQLState: 23505
2025-11-13T15:45:45.494+09:00 ERROR 6652 --- [gongjibatni] [    Test worker] o.h.engine.jdbc.spi.SqlExceptionHelper   : Unique index or primary key violation: "PUBLIC.UK7SSUKF2HGRUWIPHAAP6BFON83_INDEX_6 ON PUBLIC.NOTICE(NOTICE_NO NULLS FIRST) VALUES ( /* 11 */ 13858 )"; SQL statement:
insert into notice (category_keyword,created_at,notice_no,nttid,title,writer,notice_id) values (?,?,?,?,?,?,default) [23505-232]
]]></system-out>
  <system-err><![CDATA[Mockito is currently self-attaching to enable the inline-mock-maker. This will no longer work in future releases of the JDK. Please add Mockito as an agent to your build as described in Mockito's documentation: https://javadoc.io/doc/org.mockito/mockito-core/latest/org.mockito/org/mockito/Mockito.html#0.3
WARNING: A Java agent has been loaded dynamically (C:\Users\SAMSUNG\.gradle\caches\modules-2\files-2.1\net.bytebuddy\byte-buddy-agent\1.17.7\fbf3d6d649ed37fc9e9c59480a05be0a26e3c2da\byte-buddy-agent-1.17.7.jar)
WARNING: If a serviceability tool is in use, please run with -XX:+EnableDynamicAgentLoading to hide this warning
WARNING: If a serviceability tool is not in use, please run with -Djdk.instrument.traceUsage for more information
WARNING: Dynamic loading of agents will be disallowed by default in a future release
]]></system-err>
</testsuite>
