<?xml version="1.0" encoding="UTF-8"?>
<testsuite name="com.example.gongjibatni.notice.service.AcademicNoticeServiceTest" tests="1" skipped="0" failures="0" errors="0" timestamp="2025-11-13T08:26:42.607Z" hostname="DESKTOP-B1FNK4S" time="0.86">
  <properties/>
  <testcase name="공지를 가져와서 print하는 매우 안좋지만 일단이걸로 확인완료" classname="com.example.gongjibatni.notice.service.AcademicNoticeServiceTest" time="0.86"/>
  <system-out><![CDATA[17:26:35.209 [Test worker] INFO org.springframework.test.context.support.AnnotationConfigContextLoaderUtils -- Could not detect default configuration classes for test class [com.example.gongjibatni.notice.service.AcademicNoticeServiceTest]: AcademicNoticeServiceTest does not declare any static, non-private, non-final, nested classes annotated with @Configuration.
17:26:35.486 [Test worker] INFO org.springframework.boot.test.context.SpringBootTestContextBootstrapper -- Found @SpringBootConfiguration com.example.gongjibatni.GongjibatniApplication for test class com.example.gongjibatni.notice.service.AcademicNoticeServiceTest

  .   ____          _            __ _ _
 /\\ / ___'_ __ _ _(_)_ __  __ _ \ \ \ \
( ( )\___ | '_ | '_| | '_ \/ _` | \ \ \ \
 \\/  ___)| |_)| | | | | || (_| |  ) ) ) )
  '  |____| .__|_| |_|_| |_\__, | / / / /
 =========|_|==============|___/=/_/_/_/

 :: Spring Boot ::                (v3.5.6)

2025-11-13T17:26:36.294+09:00  INFO 12192 --- [gongjibatni] [    Test worker] c.e.g.n.s.AcademicNoticeServiceTest      : Starting AcademicNoticeServiceTest using Java 21.0.4 with PID 12192 (started by SAMSUNG in C:\dev\gongjibatni)
2025-11-13T17:26:36.297+09:00  INFO 12192 --- [gongjibatni] [    Test worker] c.e.g.n.s.AcademicNoticeServiceTest      : No active profile set, falling back to 1 default profile: "default"
2025-11-13T17:26:37.527+09:00  INFO 12192 --- [gongjibatni] [    Test worker] .s.d.r.c.RepositoryConfigurationDelegate : Bootstrapping Spring Data JPA repositories in DEFAULT mode.
2025-11-13T17:26:37.674+09:00  INFO 12192 --- [gongjibatni] [    Test worker] .s.d.r.c.RepositoryConfigurationDelegate : Finished Spring Data repository scanning in 132 ms. Found 1 JPA repository interface.
2025-11-13T17:26:38.425+09:00  INFO 12192 --- [gongjibatni] [    Test worker] o.hibernate.jpa.internal.util.LogHelper  : HHH000204: Processing PersistenceUnitInfo [name: default]
2025-11-13T17:26:38.577+09:00  INFO 12192 --- [gongjibatni] [    Test worker] org.hibernate.Version                    : HHH000412: Hibernate ORM core version 6.6.29.Final
2025-11-13T17:26:38.656+09:00  INFO 12192 --- [gongjibatni] [    Test worker] o.h.c.internal.RegionFactoryInitiator    : HHH000026: Second-level cache disabled
2025-11-13T17:26:39.255+09:00  INFO 12192 --- [gongjibatni] [    Test worker] o.s.o.j.p.SpringPersistenceUnitInfo      : No LoadTimeWeaver setup: ignoring JPA class transformer
2025-11-13T17:26:39.336+09:00  INFO 12192 --- [gongjibatni] [    Test worker] com.zaxxer.hikari.HikariDataSource       : HikariPool-1 - Starting...
2025-11-13T17:26:39.491+09:00  INFO 12192 --- [gongjibatni] [    Test worker] com.zaxxer.hikari.pool.HikariPool        : HikariPool-1 - Added connection conn0: url=jdbc:h2:tcp://localhost/~/test user=SA
2025-11-13T17:26:39.494+09:00  INFO 12192 --- [gongjibatni] [    Test worker] com.zaxxer.hikari.HikariDataSource       : HikariPool-1 - Start completed.
2025-11-13T17:26:39.600+09:00  INFO 12192 --- [gongjibatni] [    Test worker] org.hibernate.orm.connections.pooling    : HHH10001005: Database info:
	Database JDBC URL [Connecting through datasource 'HikariDataSource (HikariPool-1)']
	Database driver: undefined/unknown
	Database version: 2.2.224
	Autocommit mode: undefined/unknown
	Isolation level: undefined/unknown
	Minimum pool size: undefined/unknown
	Maximum pool size: undefined/unknown
2025-11-13T17:26:40.905+09:00  INFO 12192 --- [gongjibatni] [    Test worker] o.h.e.t.j.p.i.JtaPlatformInitiator       : HHH000489: No JTA platform available (set 'hibernate.transaction.jta.platform' to enable JTA platform integration)
2025-11-13T17:26:40.970+09:00  INFO 12192 --- [gongjibatni] [    Test worker] j.LocalContainerEntityManagerFactoryBean : Initialized JPA EntityManagerFactory for persistence unit 'default'
2025-11-13T17:26:41.807+09:00  WARN 12192 --- [gongjibatni] [    Test worker] JpaBaseConfiguration$JpaWebConfiguration : spring.jpa.open-in-view is enabled by default. Therefore, database queries may be performed during view rendering. Explicitly configure spring.jpa.open-in-view to disable this warning
2025-11-13T17:26:42.579+09:00  INFO 12192 --- [gongjibatni] [    Test worker] c.e.g.n.s.AcademicNoticeServiceTest      : Started AcademicNoticeServiceTest in 6.779 seconds (process running for 9.35)
Hibernate: 
    select
        n1_0.notice_id,
        n1_0.category_keyword,
        n1_0.created_at,
        n1_0.notice_no,
        n1_0.nttid,
        n1_0.title,
        n1_0.writer 
    from
        notice n1_0 
    order by
        n1_0.notice_no desc 
    fetch
        first ? rows only
Hibernate: 
    select
        n1_0.notice_id,
        n1_0.category_keyword,
        n1_0.created_at,
        n1_0.notice_no,
        n1_0.nttid,
        n1_0.title,
        n1_0.writer 
    from
        notice n1_0 
    order by
        n1_0.notice_no desc 
    offset
        ? rows 
    fetch
        first ? rows only
===== NOTICE 출력 =====
---- Notice ----
id: 11
title: 11월 창의혁신메이커센터 정기 교육 안내[3D 모델링, 3D 프린트, Laser marking] 새글
writer: null
createdAt: 2025-11-13
category: null
noticeNo: 13858
nttid: null
---- Notice ----
id: 12
title: 토크콘서트(기업채용설명회) 참여 학생 모집 안내-기업담당자 멘토링 및 면접 진행 새글
writer: null
createdAt: 2025-11-13
category: null
noticeNo: 13857
nttid: null
---- Notice ----
id: 13
title: [RISE 사업단] 창업 아이디어 마켓 구매자 모집 새글
writer: null
createdAt: 2025-11-13
category: null
noticeNo: 13856
nttid: null
---- Notice ----
id: 14
title: 2025학년도 대학원 오픈랩 데이 참여자 모집 안내 새글
writer: null
createdAt: 2025-11-12
category: null
noticeNo: 13855
nttid: null
---- Notice ----
id: 15
title: [한국보건복지인재원] 2025년 질병생명·의료관련 진로탐색과정(보건행정·간호) 안내 새글
writer: null
createdAt: 2025-11-12
category: null
noticeNo: 13854
nttid: null
---- Notice ----
id: 16
title: 【D-2】2025 NEXT PICK: 취업 시뮬레이션 리그★총상금 350만원【3-4학년 재학, 유예, 휴학】 새글
writer: null
createdAt: 2025-11-12
category: null
noticeNo: 13853
nttid: null
---- Notice ----
id: 17
title: 대학수학능력시험 시행일 도서관 운영 안내 새글
writer: null
createdAt: 2025-11-12
category: null
noticeNo: 13852
nttid: null
---- Notice ----
id: 18
title: [RISE] 2025 국립한밭대학교 산학협력 Fair 아르바이트생 모집(추가) 새글
writer: null
createdAt: 2025-11-11
category: null
noticeNo: 13851
nttid: null
---- Notice ----
id: 19
title: 꿈을 찾는 청년미래직진 진로 프로그램(2유닛, 이클래스한밭 수강) 새글
writer: null
createdAt: 2025-11-11
category: null
noticeNo: 13850
nttid: null
---- Notice ----
id: 20
title: [학생상담센터, 2유닛] 2025학년도 9차 자살예방 생명지킴이(게이트키퍼) 양성교육 안내 새글
writer: null
createdAt: 2025-11-11
category: null
noticeNo: 13849
nttid: null
]]></system-out>
  <system-err><![CDATA[Mockito is currently self-attaching to enable the inline-mock-maker. This will no longer work in future releases of the JDK. Please add Mockito as an agent to your build as described in Mockito's documentation: https://javadoc.io/doc/org.mockito/mockito-core/latest/org.mockito/org/mockito/Mockito.html#0.3
WARNING: A Java agent has been loaded dynamically (C:\Users\SAMSUNG\.gradle\caches\modules-2\files-2.1\net.bytebuddy\byte-buddy-agent\1.17.7\fbf3d6d649ed37fc9e9c59480a05be0a26e3c2da\byte-buddy-agent-1.17.7.jar)
WARNING: If a serviceability tool is in use, please run with -XX:+EnableDynamicAgentLoading to hide this warning
WARNING: If a serviceability tool is not in use, please run with -Djdk.instrument.traceUsage for more information
WARNING: Dynamic loading of agents will be disallowed by default in a future release
]]></system-err>
</testsuite>
